2024-02-14T09:25:43.530+05:30  INFO 18394 --- [Test worker] org.isa.garage.GarageApplicationTests    : Starting GarageApplicationTests using Java 17.0.10 with PID 18394 (started by pshenal in /home/pshenal/Desktop/Projects/Garage/Backend/garage-service)
2024-02-14T09:25:43.534+05:30  INFO 18394 --- [Test worker] org.isa.garage.GarageApplicationTests    : No active profile set, falling back to 1 default profile: "default"
2024-02-14T09:25:44.003+05:30  INFO 18394 --- [Test worker] .s.d.r.c.RepositoryConfigurationDelegate : Bootstrapping Spring Data JPA repositories in DEFAULT mode.
2024-02-14T09:25:44.042+05:30  INFO 18394 --- [Test worker] .s.d.r.c.RepositoryConfigurationDelegate : Finished Spring Data repository scanning in 33 ms. Found 2 JPA repository interfaces.
2024-02-14T09:25:44.442+05:30  INFO 18394 --- [Test worker] o.hibernate.jpa.internal.util.LogHelper  : HHH000204: Processing PersistenceUnitInfo [name: default]
2024-02-14T09:25:44.471+05:30  INFO 18394 --- [Test worker] org.hibernate.Version                    : HHH000412: Hibernate ORM core version 6.4.1.Final
2024-02-14T09:25:44.506+05:30  INFO 18394 --- [Test worker] o.h.c.internal.RegionFactoryInitiator    : HHH000026: Second-level cache disabled
2024-02-14T09:25:44.632+05:30  INFO 18394 --- [Test worker] o.s.o.j.p.SpringPersistenceUnitInfo      : No LoadTimeWeaver setup: ignoring JPA class transformer
2024-02-14T09:25:44.650+05:30  INFO 18394 --- [Test worker] com.zaxxer.hikari.HikariDataSource       : HikariPool-1 - Starting...
2024-02-14T09:25:44.861+05:30  INFO 18394 --- [Test worker] com.zaxxer.hikari.pool.HikariPool        : HikariPool-1 - Added connection com.mysql.cj.jdbc.ConnectionImpl@4491eaeb
2024-02-14T09:25:44.864+05:30  INFO 18394 --- [Test worker] com.zaxxer.hikari.HikariDataSource       : HikariPool-1 - Start completed.
2024-02-14T09:25:45.722+05:30  INFO 18394 --- [Test worker] o.h.e.t.j.p.i.JtaPlatformInitiator       : HHH000489: No JTA platform available (set 'hibernate.transaction.jta.platform' to enable JTA platform integration)
2024-02-14T09:25:45.766+05:30  INFO 18394 --- [Test worker] j.LocalContainerEntityManagerFactoryBean : Initialized JPA EntityManagerFactory for persistence unit 'default'
2024-02-14T09:25:46.035+05:30  INFO 18394 --- [Test worker] o.s.d.j.r.query.QueryEnhancerFactory     : Hibernate is in classpath; If applicable, HQL parser will be used.
2024-02-14T09:25:46.681+05:30  WARN 18394 --- [Test worker] JpaBaseConfiguration$JpaWebConfiguration : spring.jpa.open-in-view is enabled by default. Therefore, database queries may be performed during view rendering. Explicitly configure spring.jpa.open-in-view to disable this warning
2024-02-14T09:25:46.891+05:30  INFO 18394 --- [Test worker] o.s.s.web.DefaultSecurityFilterChain     : Will secure any request with [org.springframework.security.web.session.DisableEncodeUrlFilter@37058d66, org.springframework.security.web.context.request.async.WebAsyncManagerIntegrationFilter@646af766, org.springframework.security.web.context.SecurityContextHolderFilter@481b276c, org.springframework.security.web.header.HeaderWriterFilter@18723aac, org.springframework.web.filter.CorsFilter@a739cd9, org.springframework.security.web.authentication.logout.LogoutFilter@3469a432, org.isa.garage.filter.JWTFilter@e356940, org.springframework.security.web.savedrequest.RequestCacheAwareFilter@2dec97ea, org.springframework.security.web.servletapi.SecurityContextHolderAwareRequestFilter@7b320f0d, org.springframework.security.web.authentication.AnonymousAuthenticationFilter@610f3f1b, org.springframework.security.web.session.SessionManagementFilter@4ffff10c, org.springframework.security.web.access.ExceptionTranslationFilter@22887352, org.springframework.security.web.access.intercept.AuthorizationFilter@5af69032]
2024-02-14T09:25:47.171+05:30  INFO 18394 --- [Test worker] org.isa.garage.GarageApplicationTests    : Started GarageApplicationTests in 3.791 seconds (process running for 4.462)
2024-02-14T09:25:47.576+05:30  INFO 18394 --- [SpringApplicationShutdownHook] j.LocalContainerEntityManagerFactoryBean : Closing JPA EntityManagerFactory for persistence unit 'default'
2024-02-14T09:25:47.579+05:30  INFO 18394 --- [SpringApplicationShutdownHook] com.zaxxer.hikari.HikariDataSource       : HikariPool-1 - Shutdown initiated...
2024-02-14T09:25:47.584+05:30  INFO 18394 --- [SpringApplicationShutdownHook] com.zaxxer.hikari.HikariDataSource       : HikariPool-1 - Shutdown completed.
